\BOOKMARK [0][-]{chapter.1}{Introduction}{}% 1
\BOOKMARK [0][-]{chapter.2}{SetlX Types}{}% 2
\BOOKMARK [1][-]{section.2.1}{Getting Started}{chapter.2}% 3
\BOOKMARK [1][-]{section.2.2}{Boolean Values}{chapter.2}% 4
\BOOKMARK [1][-]{section.2.3}{Sets}{chapter.2}% 5
\BOOKMARK [2][-]{subsection.2.3.1}{Operators on Sets}{section.2.3}% 6
\BOOKMARK [2][-]{subsection.2.3.2}{Set Comprehensions}{section.2.3}% 7
\BOOKMARK [2][-]{subsection.2.3.3}{Miscellaneous Set Functions}{section.2.3}% 8
\BOOKMARK [1][-]{section.2.4}{Lists}{chapter.2}% 9
\BOOKMARK [1][-]{section.2.5}{Pairs, Relations, and Functions}{chapter.2}% 10
\BOOKMARK [1][-]{section.2.6}{Procedures}{chapter.2}% 11
\BOOKMARK [1][-]{section.2.7}{Strings}{chapter.2}% 12
\BOOKMARK [2][-]{subsection.2.7.1}{Literal Strings}{section.2.7}% 13
\BOOKMARK [1][-]{section.2.8}{Terms}{chapter.2}% 14
\BOOKMARK [0][-]{chapter.3}{Writing Statements in SetlX}{}% 15
\BOOKMARK [1][-]{section.3.1}{Assignment Statements}{chapter.3}% 16
\BOOKMARK [1][-]{section.3.2}{Functions}{chapter.3}% 17
\BOOKMARK [2][-]{subsection.3.2.1}{Memoization}{section.3.2}% 18
\BOOKMARK [1][-]{section.3.3}{Branching Statements}{chapter.3}% 19
\BOOKMARK [2][-]{subsection.3.3.1}{if-then-else Statements}{section.3.3}% 20
\BOOKMARK [2][-]{subsection.3.3.2}{switch Statements}{section.3.3}% 21
\BOOKMARK [1][-]{section.3.4}{Matching}{chapter.3}% 22
\BOOKMARK [2][-]{subsection.3.4.1}{String Matching}{section.3.4}% 23
\BOOKMARK [2][-]{subsection.3.4.2}{List Matching}{section.3.4}% 24
\BOOKMARK [2][-]{subsection.3.4.3}{Set Matching}{section.3.4}% 25
\BOOKMARK [2][-]{subsection.3.4.4}{Term Matching}{section.3.4}% 26
\BOOKMARK [2][-]{subsection.3.4.5}{Term Decomposition via List Assignment}{section.3.4}% 27
\BOOKMARK [1][-]{section.3.5}{Loops}{chapter.3}% 28
\BOOKMARK [2][-]{subsection.3.5.1}{while Loops}{section.3.5}% 29
\BOOKMARK [2][-]{subsection.3.5.2}{for Loops}{section.3.5}% 30
\BOOKMARK [0][-]{chapter.4}{Regular Expressions }{}% 31
\BOOKMARK [1][-]{section.4.1}{Using Regular Expressions in a match Statement}{chapter.4}% 32
\BOOKMARK [2][-]{subsection.4.1.1}{Extracting Substrings}{section.4.1}% 33
\BOOKMARK [2][-]{subsection.4.1.2}{Testing Regular Expressions}{section.4.1}% 34
\BOOKMARK [2][-]{subsection.4.1.3}{Extracting Comments from a File}{section.4.1}% 35
\BOOKMARK [2][-]{subsection.4.1.4}{Conditions in match Statements}{section.4.1}% 36
\BOOKMARK [1][-]{section.4.2}{The scan Statement}{chapter.4}% 37
\BOOKMARK [1][-]{section.4.3}{Additional Functions Using Regular Expressions}{chapter.4}% 38
\BOOKMARK [0][-]{chapter.5}{Functional Programming and Closures }{}% 39
\BOOKMARK [1][-]{section.5.1}{Introductory Examples}{chapter.5}% 40
\BOOKMARK [2][-]{subsection.5.1.1}{Introducing Functional Programming}{section.5.1}% 41
\BOOKMARK [2][-]{subsection.5.1.2}{Implementing Counters via Closures}{section.5.1}% 42
\BOOKMARK [1][-]{section.5.2}{Closures in Action}{chapter.5}% 43
\BOOKMARK [0][-]{chapter.6}{Exceptions and Backtracking}{}% 44
\BOOKMARK [1][-]{section.6.1}{Exceptions}{chapter.6}% 45
\BOOKMARK [2][-]{subsection.6.1.1}{Different Kinds of Exceptions}{section.6.1}% 46
\BOOKMARK [1][-]{section.6.2}{Backtracking}{chapter.6}% 47
\BOOKMARK [0][-]{chapter.7}{Predefined Functions}{}% 48
\BOOKMARK [1][-]{section.7.1}{Functions and Operators on Sets and Lists}{chapter.7}% 49
\BOOKMARK [1][-]{section.7.2}{Functions for String Manipulation}{chapter.7}% 50
\BOOKMARK [1][-]{section.7.3}{Functions for Term Manipulation}{chapter.7}% 51
\BOOKMARK [1][-]{section.7.4}{Mathematical Functions}{chapter.7}% 52
\BOOKMARK [1][-]{section.7.5}{Generating Random Numbers and Permutations}{chapter.7}% 53
\BOOKMARK [2][-]{subsection.7.5.1}{shuffle}{section.7.5}% 54
\BOOKMARK [2][-]{subsection.7.5.2}{nextPermutation}{section.7.5}% 55
\BOOKMARK [2][-]{subsection.7.5.3}{permutations}{section.7.5}% 56
\BOOKMARK [1][-]{section.7.6}{Type Checking Functions}{chapter.7}% 57
\BOOKMARK [1][-]{section.7.7}{Interactive Debugging}{chapter.7}% 58
\BOOKMARK [1][-]{section.7.8}{I/O Functions}{chapter.7}% 59
\BOOKMARK [2][-]{subsection.7.8.1}{appendFile}{section.7.8}% 60
\BOOKMARK [2][-]{subsection.7.8.2}{deleteFile}{section.7.8}% 61
\BOOKMARK [2][-]{subsection.7.8.3}{get}{section.7.8}% 62
\BOOKMARK [2][-]{subsection.7.8.4}{load}{section.7.8}% 63
\BOOKMARK [2][-]{subsection.7.8.5}{loadLibrary}{section.7.8}% 64
\BOOKMARK [2][-]{subsection.7.8.6}{multiLineMode}{section.7.8}% 65
\BOOKMARK [2][-]{subsection.7.8.7}{nPrint}{section.7.8}% 66
\BOOKMARK [2][-]{subsection.7.8.8}{nPrintErr}{section.7.8}% 67
\BOOKMARK [2][-]{subsection.7.8.9}{print}{section.7.8}% 68
\BOOKMARK [2][-]{subsection.7.8.10}{printErr}{section.7.8}% 69
\BOOKMARK [2][-]{subsection.7.8.11}{read}{section.7.8}% 70
\BOOKMARK [2][-]{subsection.7.8.12}{readFile}{section.7.8}% 71
\BOOKMARK [2][-]{subsection.7.8.13}{writeFile}{section.7.8}% 72
\BOOKMARK [1][-]{section.7.9}{Miscellaneous Functions}{chapter.7}% 73
\BOOKMARK [2][-]{subsection.7.9.1}{abort}{section.7.9}% 74
\BOOKMARK [2][-]{subsection.7.9.2}{cacheStats}{section.7.9}% 75
\BOOKMARK [2][-]{subsection.7.9.3}{clearCache}{section.7.9}% 76
\BOOKMARK [2][-]{subsection.7.9.4}{compare}{section.7.9}% 77
\BOOKMARK [2][-]{subsection.7.9.5}{getScope}{section.7.9}% 78
\BOOKMARK [2][-]{subsection.7.9.6}{logo}{section.7.9}% 79
\BOOKMARK [2][-]{subsection.7.9.7}{now}{section.7.9}% 80
\BOOKMARK [2][-]{subsection.7.9.8}{sleep}{section.7.9}% 81
